2021/01/22 17:00:28 : image: http://www.iemotorsport.com/mm5/BSNIDESS1.39CHCOPW-100.png 404
2021/01/22 17:00:32 : image: http://www.iemotorsport.com/mm5/BSNIDESS1.39VANNPW-100.png 404
2021/01/22 17:00:36 : image: http://www.iemotorsport.com/mm5/chpultmtchoc60ct-s.png 404
2021/01/22 17:00:40 : image: http://www.iemotorsport.com/mm5/CHMPNULC0060CHOCPK-s.png 404
2021/01/22 17:00:44 : image: http://www.iemotorsport.com/mm5/chpultmtlcvan60ct-s.png 404
2021/01/22 17:00:47 : image: http://www.iemotorsport.com/mm5/chpultrametstrw60ct-s.png 404
2021/01/22 17:00:51 : image: http://www.iemotorsport.com/mm5/chpultrmtvan60ct-s.png 404
2021/01/22 17:00:55 : image: http://www.iemotorsport.com/mm5/clfbarbberrycrsp12ct-s.png 404
2021/01/22 17:01:00 : image: http://www.iemotorsport.com/mm5/CLIFBUIL0012PEANBR-s.png 404
2021/01/22 17:01:04 : image: http://www.iemotorsport.com/mm5/clfbarchocchip12ct-s.png 404
2021/01/22 17:01:08 : image: http://www.iemotorsport.com/mm5/clflunaoatmeal12ct-s.png 404
2021/01/22 17:01:12 : image: http://www.iemotorsport.com/mm5/CSPTCMAX01.5CITRPW-s.png 404
2021/01/22 17:01:16 : image: http://www.iemotorsport.com/mm5/CSPTCMAX01.5ORGEPW1-s.png 404
2021/01/22 17:01:20 : image: http://www.iemotorsport.com/mm5/CSPTEVOP2.25VANNPW-100.png 404
2021/01/22 17:01:23 : image: http://www.iemotorsport.com/mm5/cysfasttwtchlem2lb-s.png 404
2021/01/22 17:01:26 : image: http://www.iemotorsport.com/mm5/cysfasttwtchgrp2lb-s.png 404
2021/01/22 17:01:30 : image: http://www.iemotorsport.com/mm5/cysfasttwtchlem2lb-s.png 404
2021/01/22 17:01:34 : image: http://www.iemotorsport.com/mm5/cysmmcksncrm5lb-s.png 404
2021/01/22 17:01:38 : image: http://www.iemotorsport.com/mm5/cysmmbarchocpntcarml8ct-s.png 404
2021/01/22 17:01:42 : image: http://www.iemotorsport.com/mm5/cysmmbarvantoffcrnch8ct-s.png 404
