2021/01/22 16:53:54 : Traceback (most recent call last):
  File "/Users/vuhung/Desktop/dev_train_03/v32/cartmigration/controllers/migration.py", line 665, in storage_data
    getattr(self.get_source_cart(), 'finish_storage_data')()
  File "/Users/vuhung/Desktop/dev_train_03/v32/cartmigration/models/basecart.py", line 4043, in finish_storage_data
    folder_upload = self.get_folder_upload(self._migration_id)
  File "/Users/vuhung/Desktop/dev_train_03/v32/cartmigration/models/basecart.py", line 4055, in get_folder_upload
    folder_upload = root_path + '/' + DIR_UPLOAD + '/' + get_config_ini('src', 'file', file='test.ini')
TypeError: can only concatenate str (not "NoneType") to str

2021/01/22 16:54:11 : products_errors 9: Traceback (most recent call last):
  File "/Users/vuhung/Desktop/dev_train_03/v32/cartmigration/controllers/migration.py", line 1072, in migration
    import_data = fn_import(convert_data, main, ext)
  File "/Users/vuhung/Desktop/dev_train_03/v32/cartmigration/models/cart/shopify.py", line 2072, in product_import
    category_id = self.get_map_field_by_src(self.TYPE_CATEGORY, category['id'], category['code'])
TypeError: 'int' object is not subscriptable

2021/01/22 16:54:13 : products_errors 10: Traceback (most recent call last):
  File "/Users/vuhung/Desktop/dev_train_03/v32/cartmigration/controllers/migration.py", line 1072, in migration
    import_data = fn_import(convert_data, main, ext)
  File "/Users/vuhung/Desktop/dev_train_03/v32/cartmigration/models/cart/shopify.py", line 2072, in product_import
    category_id = self.get_map_field_by_src(self.TYPE_CATEGORY, category['id'], category['code'])
TypeError: 'int' object is not subscriptable

2021/01/22 16:54:16 : products_errors 16: Traceback (most recent call last):
  File "/Users/vuhung/Desktop/dev_train_03/v32/cartmigration/controllers/migration.py", line 1072, in migration
    import_data = fn_import(convert_data, main, ext)
  File "/Users/vuhung/Desktop/dev_train_03/v32/cartmigration/models/cart/shopify.py", line 2072, in product_import
    category_id = self.get_map_field_by_src(self.TYPE_CATEGORY, category['id'], category['code'])
TypeError: 'int' object is not subscriptable

2021/01/22 16:54:18 : products_errors 17: Traceback (most recent call last):
  File "/Users/vuhung/Desktop/dev_train_03/v32/cartmigration/controllers/migration.py", line 1072, in migration
    import_data = fn_import(convert_data, main, ext)
  File "/Users/vuhung/Desktop/dev_train_03/v32/cartmigration/models/cart/shopify.py", line 2072, in product_import
    category_id = self.get_map_field_by_src(self.TYPE_CATEGORY, category['id'], category['code'])
TypeError: 'int' object is not subscriptable

2021/01/22 16:54:20 : products_errors 18: Traceback (most recent call last):
  File "/Users/vuhung/Desktop/dev_train_03/v32/cartmigration/controllers/migration.py", line 1072, in migration
    import_data = fn_import(convert_data, main, ext)
  File "/Users/vuhung/Desktop/dev_train_03/v32/cartmigration/models/cart/shopify.py", line 2072, in product_import
    category_id = self.get_map_field_by_src(self.TYPE_CATEGORY, category['id'], category['code'])
TypeError: 'int' object is not subscriptable

2021/01/22 16:54:23 : products_errors 19: Traceback (most recent call last):
  File "/Users/vuhung/Desktop/dev_train_03/v32/cartmigration/controllers/migration.py", line 1072, in migration
    import_data = fn_import(convert_data, main, ext)
  File "/Users/vuhung/Desktop/dev_train_03/v32/cartmigration/models/cart/shopify.py", line 2072, in product_import
    category_id = self.get_map_field_by_src(self.TYPE_CATEGORY, category['id'], category['code'])
TypeError: 'int' object is not subscriptable

2021/01/22 16:54:25 : products_errors 20: Traceback (most recent call last):
  File "/Users/vuhung/Desktop/dev_train_03/v32/cartmigration/controllers/migration.py", line 1072, in migration
    import_data = fn_import(convert_data, main, ext)
  File "/Users/vuhung/Desktop/dev_train_03/v32/cartmigration/models/cart/shopify.py", line 2072, in product_import
    category_id = self.get_map_field_by_src(self.TYPE_CATEGORY, category['id'], category['code'])
TypeError: 'int' object is not subscriptable

2021/01/22 16:54:27 : products_errors 22: Traceback (most recent call last):
  File "/Users/vuhung/Desktop/dev_train_03/v32/cartmigration/controllers/migration.py", line 1072, in migration
    import_data = fn_import(convert_data, main, ext)
  File "/Users/vuhung/Desktop/dev_train_03/v32/cartmigration/models/cart/shopify.py", line 2072, in product_import
    category_id = self.get_map_field_by_src(self.TYPE_CATEGORY, category['id'], category['code'])
TypeError: 'int' object is not subscriptable

2021/01/22 16:54:30 : products_errors 23: Traceback (most recent call last):
  File "/Users/vuhung/Desktop/dev_train_03/v32/cartmigration/controllers/migration.py", line 1072, in migration
    import_data = fn_import(convert_data, main, ext)
  File "/Users/vuhung/Desktop/dev_train_03/v32/cartmigration/models/cart/shopify.py", line 2072, in product_import
    category_id = self.get_map_field_by_src(self.TYPE_CATEGORY, category['id'], category['code'])
TypeError: 'int' object is not subscriptable

2021/01/22 16:54:32 : products_errors 24: Traceback (most recent call last):
  File "/Users/vuhung/Desktop/dev_train_03/v32/cartmigration/controllers/migration.py", line 1072, in migration
    import_data = fn_import(convert_data, main, ext)
  File "/Users/vuhung/Desktop/dev_train_03/v32/cartmigration/models/cart/shopify.py", line 2072, in product_import
    category_id = self.get_map_field_by_src(self.TYPE_CATEGORY, category['id'], category['code'])
TypeError: 'int' object is not subscriptable

2021/01/22 16:54:34 : products_errors 25: Traceback (most recent call last):
  File "/Users/vuhung/Desktop/dev_train_03/v32/cartmigration/controllers/migration.py", line 1072, in migration
    import_data = fn_import(convert_data, main, ext)
  File "/Users/vuhung/Desktop/dev_train_03/v32/cartmigration/models/cart/shopify.py", line 2072, in product_import
    category_id = self.get_map_field_by_src(self.TYPE_CATEGORY, category['id'], category['code'])
TypeError: 'int' object is not subscriptable

2021/01/22 16:54:37 : products_errors 37: Traceback (most recent call last):
  File "/Users/vuhung/Desktop/dev_train_03/v32/cartmigration/controllers/migration.py", line 1072, in migration
    import_data = fn_import(convert_data, main, ext)
  File "/Users/vuhung/Desktop/dev_train_03/v32/cartmigration/models/cart/shopify.py", line 2072, in product_import
    category_id = self.get_map_field_by_src(self.TYPE_CATEGORY, category['id'], category['code'])
TypeError: 'int' object is not subscriptable

2021/01/22 16:54:42 : products_errors 39: Traceback (most recent call last):
  File "/Users/vuhung/Desktop/dev_train_03/v32/cartmigration/controllers/migration.py", line 1072, in migration
    import_data = fn_import(convert_data, main, ext)
  File "/Users/vuhung/Desktop/dev_train_03/v32/cartmigration/models/cart/shopify.py", line 2072, in product_import
    category_id = self.get_map_field_by_src(self.TYPE_CATEGORY, category['id'], category['code'])
TypeError: 'int' object is not subscriptable

2021/01/22 16:54:45 : products_errors 41: Traceback (most recent call last):
  File "/Users/vuhung/Desktop/dev_train_03/v32/cartmigration/controllers/migration.py", line 1072, in migration
    import_data = fn_import(convert_data, main, ext)
  File "/Users/vuhung/Desktop/dev_train_03/v32/cartmigration/models/cart/shopify.py", line 2072, in product_import
    category_id = self.get_map_field_by_src(self.TYPE_CATEGORY, category['id'], category['code'])
TypeError: 'int' object is not subscriptable

2021/01/22 16:54:47 : products_errors 42: Traceback (most recent call last):
  File "/Users/vuhung/Desktop/dev_train_03/v32/cartmigration/controllers/migration.py", line 1072, in migration
    import_data = fn_import(convert_data, main, ext)
  File "/Users/vuhung/Desktop/dev_train_03/v32/cartmigration/models/cart/shopify.py", line 2072, in product_import
    category_id = self.get_map_field_by_src(self.TYPE_CATEGORY, category['id'], category['code'])
TypeError: 'int' object is not subscriptable

2021/01/22 16:54:49 : products_errors 43: Traceback (most recent call last):
  File "/Users/vuhung/Desktop/dev_train_03/v32/cartmigration/controllers/migration.py", line 1072, in migration
    import_data = fn_import(convert_data, main, ext)
  File "/Users/vuhung/Desktop/dev_train_03/v32/cartmigration/models/cart/shopify.py", line 2072, in product_import
    category_id = self.get_map_field_by_src(self.TYPE_CATEGORY, category['id'], category['code'])
TypeError: 'int' object is not subscriptable

2021/01/22 16:54:52 : products_errors 44: Traceback (most recent call last):
  File "/Users/vuhung/Desktop/dev_train_03/v32/cartmigration/controllers/migration.py", line 1072, in migration
    import_data = fn_import(convert_data, main, ext)
  File "/Users/vuhung/Desktop/dev_train_03/v32/cartmigration/models/cart/shopify.py", line 2072, in product_import
    category_id = self.get_map_field_by_src(self.TYPE_CATEGORY, category['id'], category['code'])
TypeError: 'int' object is not subscriptable

2021/01/22 16:54:53 : products_errors 47: Traceback (most recent call last):
  File "/Users/vuhung/Desktop/dev_train_03/v32/cartmigration/controllers/migration.py", line 1072, in migration
    import_data = fn_import(convert_data, main, ext)
  File "/Users/vuhung/Desktop/dev_train_03/v32/cartmigration/models/cart/shopify.py", line 2072, in product_import
    category_id = self.get_map_field_by_src(self.TYPE_CATEGORY, category['id'], category['code'])
TypeError: 'int' object is not subscriptable

2021/01/22 16:54:56 : products_errors 48: Traceback (most recent call last):
  File "/Users/vuhung/Desktop/dev_train_03/v32/cartmigration/controllers/migration.py", line 1072, in migration
    import_data = fn_import(convert_data, main, ext)
  File "/Users/vuhung/Desktop/dev_train_03/v32/cartmigration/models/cart/shopify.py", line 2072, in product_import
    category_id = self.get_map_field_by_src(self.TYPE_CATEGORY, category['id'], category['code'])
TypeError: 'int' object is not subscriptable

2021/01/22 16:54:58 : products_errors 49: Traceback (most recent call last):
  File "/Users/vuhung/Desktop/dev_train_03/v32/cartmigration/controllers/migration.py", line 1072, in migration
    import_data = fn_import(convert_data, main, ext)
  File "/Users/vuhung/Desktop/dev_train_03/v32/cartmigration/models/cart/shopify.py", line 2072, in product_import
    category_id = self.get_map_field_by_src(self.TYPE_CATEGORY, category['id'], category['code'])
TypeError: 'int' object is not subscriptable

