2021/01/22 16:51:10 : products_errors 9: Traceback (most recent call last):
  File "/Users/vuhung/Desktop/dev_train_03/v32/cartmigration/controllers/migration.py", line 1072, in migration
    import_data = fn_import(convert_data, main, ext)
  File "/Users/vuhung/Desktop/dev_train_03/v32/cartmigration/models/cart/shopify.py", line 2072, in product_import
    category_id = self.get_map_field_by_src(self.TYPE_CATEGORY, category['id'], category['code'])
TypeError: string indices must be integers

2021/01/22 16:51:12 : products_errors 10: Traceback (most recent call last):
  File "/Users/vuhung/Desktop/dev_train_03/v32/cartmigration/controllers/migration.py", line 1072, in migration
    import_data = fn_import(convert_data, main, ext)
  File "/Users/vuhung/Desktop/dev_train_03/v32/cartmigration/models/cart/shopify.py", line 2072, in product_import
    category_id = self.get_map_field_by_src(self.TYPE_CATEGORY, category['id'], category['code'])
TypeError: string indices must be integers

2021/01/22 16:51:15 : products_errors 16: Traceback (most recent call last):
  File "/Users/vuhung/Desktop/dev_train_03/v32/cartmigration/controllers/migration.py", line 1072, in migration
    import_data = fn_import(convert_data, main, ext)
  File "/Users/vuhung/Desktop/dev_train_03/v32/cartmigration/models/cart/shopify.py", line 2072, in product_import
    category_id = self.get_map_field_by_src(self.TYPE_CATEGORY, category['id'], category['code'])
TypeError: string indices must be integers

2021/01/22 16:51:17 : products_errors 17: Traceback (most recent call last):
  File "/Users/vuhung/Desktop/dev_train_03/v32/cartmigration/controllers/migration.py", line 1072, in migration
    import_data = fn_import(convert_data, main, ext)
  File "/Users/vuhung/Desktop/dev_train_03/v32/cartmigration/models/cart/shopify.py", line 2072, in product_import
    category_id = self.get_map_field_by_src(self.TYPE_CATEGORY, category['id'], category['code'])
TypeError: string indices must be integers

2021/01/22 16:51:21 : products_errors 18: Traceback (most recent call last):
  File "/Users/vuhung/Desktop/dev_train_03/v32/cartmigration/controllers/migration.py", line 1072, in migration
    import_data = fn_import(convert_data, main, ext)
  File "/Users/vuhung/Desktop/dev_train_03/v32/cartmigration/models/cart/shopify.py", line 2072, in product_import
    category_id = self.get_map_field_by_src(self.TYPE_CATEGORY, category['id'], category['code'])
TypeError: string indices must be integers

2021/01/22 16:51:23 : products_errors 19: Traceback (most recent call last):
  File "/Users/vuhung/Desktop/dev_train_03/v32/cartmigration/controllers/migration.py", line 1072, in migration
    import_data = fn_import(convert_data, main, ext)
  File "/Users/vuhung/Desktop/dev_train_03/v32/cartmigration/models/cart/shopify.py", line 2072, in product_import
    category_id = self.get_map_field_by_src(self.TYPE_CATEGORY, category['id'], category['code'])
TypeError: string indices must be integers

2021/01/22 16:51:26 : products_errors 20: Traceback (most recent call last):
  File "/Users/vuhung/Desktop/dev_train_03/v32/cartmigration/controllers/migration.py", line 1072, in migration
    import_data = fn_import(convert_data, main, ext)
  File "/Users/vuhung/Desktop/dev_train_03/v32/cartmigration/models/cart/shopify.py", line 2072, in product_import
    category_id = self.get_map_field_by_src(self.TYPE_CATEGORY, category['id'], category['code'])
TypeError: string indices must be integers

2021/01/22 16:51:28 : products_errors 22: Traceback (most recent call last):
  File "/Users/vuhung/Desktop/dev_train_03/v32/cartmigration/controllers/migration.py", line 1072, in migration
    import_data = fn_import(convert_data, main, ext)
  File "/Users/vuhung/Desktop/dev_train_03/v32/cartmigration/models/cart/shopify.py", line 2072, in product_import
    category_id = self.get_map_field_by_src(self.TYPE_CATEGORY, category['id'], category['code'])
TypeError: string indices must be integers

2021/01/22 16:51:30 : products_errors 23: Traceback (most recent call last):
  File "/Users/vuhung/Desktop/dev_train_03/v32/cartmigration/controllers/migration.py", line 1072, in migration
    import_data = fn_import(convert_data, main, ext)
  File "/Users/vuhung/Desktop/dev_train_03/v32/cartmigration/models/cart/shopify.py", line 2072, in product_import
    category_id = self.get_map_field_by_src(self.TYPE_CATEGORY, category['id'], category['code'])
TypeError: string indices must be integers

2021/01/22 16:51:33 : products_errors 24: Traceback (most recent call last):
  File "/Users/vuhung/Desktop/dev_train_03/v32/cartmigration/controllers/migration.py", line 1072, in migration
    import_data = fn_import(convert_data, main, ext)
  File "/Users/vuhung/Desktop/dev_train_03/v32/cartmigration/models/cart/shopify.py", line 2072, in product_import
    category_id = self.get_map_field_by_src(self.TYPE_CATEGORY, category['id'], category['code'])
TypeError: string indices must be integers

2021/01/22 16:51:35 : products_errors 25: Traceback (most recent call last):
  File "/Users/vuhung/Desktop/dev_train_03/v32/cartmigration/controllers/migration.py", line 1072, in migration
    import_data = fn_import(convert_data, main, ext)
  File "/Users/vuhung/Desktop/dev_train_03/v32/cartmigration/models/cart/shopify.py", line 2072, in product_import
    category_id = self.get_map_field_by_src(self.TYPE_CATEGORY, category['id'], category['code'])
TypeError: string indices must be integers

2021/01/22 16:51:37 : products_errors 37: Traceback (most recent call last):
  File "/Users/vuhung/Desktop/dev_train_03/v32/cartmigration/controllers/migration.py", line 1072, in migration
    import_data = fn_import(convert_data, main, ext)
  File "/Users/vuhung/Desktop/dev_train_03/v32/cartmigration/models/cart/shopify.py", line 2072, in product_import
    category_id = self.get_map_field_by_src(self.TYPE_CATEGORY, category['id'], category['code'])
TypeError: string indices must be integers

2021/01/22 16:51:39 : products_errors 39: Traceback (most recent call last):
  File "/Users/vuhung/Desktop/dev_train_03/v32/cartmigration/controllers/migration.py", line 1072, in migration
    import_data = fn_import(convert_data, main, ext)
  File "/Users/vuhung/Desktop/dev_train_03/v32/cartmigration/models/cart/shopify.py", line 2072, in product_import
    category_id = self.get_map_field_by_src(self.TYPE_CATEGORY, category['id'], category['code'])
TypeError: string indices must be integers

2021/01/22 16:51:41 : products_errors 41: Traceback (most recent call last):
  File "/Users/vuhung/Desktop/dev_train_03/v32/cartmigration/controllers/migration.py", line 1072, in migration
    import_data = fn_import(convert_data, main, ext)
  File "/Users/vuhung/Desktop/dev_train_03/v32/cartmigration/models/cart/shopify.py", line 2072, in product_import
    category_id = self.get_map_field_by_src(self.TYPE_CATEGORY, category['id'], category['code'])
TypeError: string indices must be integers

2021/01/22 16:51:44 : products_errors 42: Traceback (most recent call last):
  File "/Users/vuhung/Desktop/dev_train_03/v32/cartmigration/controllers/migration.py", line 1072, in migration
    import_data = fn_import(convert_data, main, ext)
  File "/Users/vuhung/Desktop/dev_train_03/v32/cartmigration/models/cart/shopify.py", line 2072, in product_import
    category_id = self.get_map_field_by_src(self.TYPE_CATEGORY, category['id'], category['code'])
TypeError: string indices must be integers

