2021/01/22 16:13:17 : image: http://www.iemotorsport.com/mm5/BSNIDESS1.39CHCOPW-100.png 404
2021/01/22 16:13:18 : image: http://www.iemotorsport.com/mm5/BSNIDESS1.39VANNPW-100.png 404
2021/01/22 16:13:19 : image: http://www.iemotorsport.com/mm5/chpultmtchoc60ct-s.png 404
2021/01/22 16:13:21 : image: http://www.iemotorsport.com/mm5/CHMPNULC0060CHOCPK-s.png 404
2021/01/22 16:13:22 : image: http://www.iemotorsport.com/mm5/chpultmtlcvan60ct-s.png 404
2021/01/22 16:13:23 : image: http://www.iemotorsport.com/mm5/chpultrametstrw60ct-s.png 404
2021/01/22 16:13:25 : image: http://www.iemotorsport.com/mm5/chpultrmtvan60ct-s.png 404
2021/01/22 16:13:26 : image: http://www.iemotorsport.com/mm5/clfbarbberrycrsp12ct-s.png 404
2021/01/22 16:13:27 : image: http://www.iemotorsport.com/mm5/CLIFBUIL0012PEANBR-s.png 404
2021/01/22 16:13:28 : image: http://www.iemotorsport.com/mm5/clfbarchocchip12ct-s.png 404
2021/01/22 16:13:30 : image: http://www.iemotorsport.com/mm5/clflunaoatmeal12ct-s.png 404
2021/01/22 16:13:31 : image: http://www.iemotorsport.com/mm5/CSPTCMAX01.5CITRPW-s.png 404
2021/01/22 16:13:32 : image: http://www.iemotorsport.com/mm5/CSPTCMAX01.5ORGEPW1-s.png 404
2021/01/22 16:13:33 : image: http://www.iemotorsport.com/mm5/CSPTEVOP2.25VANNPW-100.png 404
2021/01/22 16:13:35 : image: http://www.iemotorsport.com/mm5/cysfasttwtchlem2lb-s.png 404
2021/01/22 16:13:36 : image: http://www.iemotorsport.com/mm5/cysfasttwtchgrp2lb-s.png 404
2021/01/22 16:13:37 : image: http://www.iemotorsport.com/mm5/cysfasttwtchlem2lb-s.png 404
2021/01/22 16:13:39 : image: http://www.iemotorsport.com/mm5/cysmmcksncrm5lb-s.png 404
2021/01/22 16:13:40 : image: http://www.iemotorsport.com/mm5/cysmmbarchocpntcarml8ct-s.png 404
2021/01/22 16:13:41 : image: http://www.iemotorsport.com/mm5/cysmmbarvantoffcrnch8ct-s.png 404
