2021/01/22 15:52:05 : BSNIDESS1.39CHCOPW-100.png/BSNIDESS1.39CHCOPW-100.png
2021/01/22 15:52:05 : BSNIDESS1.39VANNPW-100.png/BSNIDESS1.39VANNPW-100.png
2021/01/22 15:52:05 : chpultmtchoc60ct-s.png/chpultmtchoc60ct-s.png
2021/01/22 15:52:05 : CHMPNULC0060CHOCPK-s.png/CHMPNULC0060CHOCPK-s.png
2021/01/22 15:52:05 : chpultmtlcvan60ct-s.png/chpultmtlcvan60ct-s.png
2021/01/22 15:52:05 : chpultrametstrw60ct-s.png/chpultrametstrw60ct-s.png
2021/01/22 15:52:05 : chpultrmtvan60ct-s.png/chpultrmtvan60ct-s.png
2021/01/22 15:52:05 : clfbarbberrycrsp12ct-s.png/clfbarbberrycrsp12ct-s.png
2021/01/22 15:52:05 : CLIFBUIL0012PEANBR-s.png/CLIFBUIL0012PEANBR-s.png
2021/01/22 15:52:05 : clfbarchocchip12ct-s.png/clfbarchocchip12ct-s.png
2021/01/22 15:52:05 : clflunaoatmeal12ct-s.png/clflunaoatmeal12ct-s.png
2021/01/22 15:52:05 : CSPTCMAX01.5CITRPW-s.png/CSPTCMAX01.5CITRPW-s.png
2021/01/22 15:52:05 : CSPTCMAX01.5ORGEPW1-s.png/CSPTCMAX01.5ORGEPW1-s.png
2021/01/22 15:52:05 : CSPTEVOP2.25VANNPW-100.png/CSPTEVOP2.25VANNPW-100.png
2021/01/22 15:52:05 : cysfasttwtchlem2lb-s.png/cysfasttwtchlem2lb-s.png
2021/01/22 15:52:06 : cysfasttwtchgrp2lb-s.png/cysfasttwtchgrp2lb-s.png
2021/01/22 15:52:06 : cysfasttwtchlem2lb-s.png/cysfasttwtchlem2lb-s.png
2021/01/22 15:52:06 : cysmmcksncrm5lb-s.png/cysmmcksncrm5lb-s.png
2021/01/22 15:52:06 : cysmmbarchocpntcarml8ct-s.png/cysmmbarchocpntcarml8ct-s.png
2021/01/22 15:52:06 : cysmmbarvantoffcrnch8ct-s.png/cysmmbarvantoffcrnch8ct-s.png
