2021/01/22 16:52:27 : Traceback (most recent call last):
  File "/Users/vuhung/Desktop/dev_train_03/v32/cartmigration/controllers/migration.py", line 665, in storage_data
    getattr(self.get_source_cart(), 'finish_storage_data')()
  File "/Users/vuhung/Desktop/dev_train_03/v32/cartmigration/models/basecart.py", line 4043, in finish_storage_data
    folder_upload = self.get_folder_upload(self._migration_id)
  File "/Users/vuhung/Desktop/dev_train_03/v32/cartmigration/models/basecart.py", line 4055, in get_folder_upload
    folder_upload = root_path + '/' + DIR_UPLOAD + '/' + get_config_ini('src', 'file', file='test.ini')
TypeError: can only concatenate str (not "NoneType") to str

2021/01/22 16:53:14 : products_errors 9: Traceback (most recent call last):
  File "/Users/vuhung/Desktop/dev_train_03/v32/cartmigration/controllers/migration.py", line 1072, in migration
    import_data = fn_import(convert_data, main, ext)
  File "/Users/vuhung/Desktop/dev_train_03/v32/cartmigration/models/cart/shopify.py", line 2072, in product_import
    category_id = self.get_map_field_by_src(self.TYPE_CATEGORY, category['id'], category['code'])
TypeError: 'int' object is not subscriptable

2021/01/22 16:53:16 : products_errors 10: Traceback (most recent call last):
  File "/Users/vuhung/Desktop/dev_train_03/v32/cartmigration/controllers/migration.py", line 1072, in migration
    import_data = fn_import(convert_data, main, ext)
  File "/Users/vuhung/Desktop/dev_train_03/v32/cartmigration/models/cart/shopify.py", line 2072, in product_import
    category_id = self.get_map_field_by_src(self.TYPE_CATEGORY, category['id'], category['code'])
TypeError: 'int' object is not subscriptable

2021/01/22 16:53:19 : products_errors 16: Traceback (most recent call last):
  File "/Users/vuhung/Desktop/dev_train_03/v32/cartmigration/controllers/migration.py", line 1072, in migration
    import_data = fn_import(convert_data, main, ext)
  File "/Users/vuhung/Desktop/dev_train_03/v32/cartmigration/models/cart/shopify.py", line 2072, in product_import
    category_id = self.get_map_field_by_src(self.TYPE_CATEGORY, category['id'], category['code'])
TypeError: 'int' object is not subscriptable

2021/01/22 16:53:21 : products_errors 17: Traceback (most recent call last):
  File "/Users/vuhung/Desktop/dev_train_03/v32/cartmigration/controllers/migration.py", line 1072, in migration
    import_data = fn_import(convert_data, main, ext)
  File "/Users/vuhung/Desktop/dev_train_03/v32/cartmigration/models/cart/shopify.py", line 2072, in product_import
    category_id = self.get_map_field_by_src(self.TYPE_CATEGORY, category['id'], category['code'])
TypeError: 'int' object is not subscriptable

2021/01/22 16:53:25 : products_errors 18: Traceback (most recent call last):
  File "/Users/vuhung/Desktop/dev_train_03/v32/cartmigration/controllers/migration.py", line 1072, in migration
    import_data = fn_import(convert_data, main, ext)
  File "/Users/vuhung/Desktop/dev_train_03/v32/cartmigration/models/cart/shopify.py", line 2072, in product_import
    category_id = self.get_map_field_by_src(self.TYPE_CATEGORY, category['id'], category['code'])
TypeError: 'int' object is not subscriptable

2021/01/22 16:53:27 : products_errors 19: Traceback (most recent call last):
  File "/Users/vuhung/Desktop/dev_train_03/v32/cartmigration/controllers/migration.py", line 1072, in migration
    import_data = fn_import(convert_data, main, ext)
  File "/Users/vuhung/Desktop/dev_train_03/v32/cartmigration/models/cart/shopify.py", line 2072, in product_import
    category_id = self.get_map_field_by_src(self.TYPE_CATEGORY, category['id'], category['code'])
TypeError: 'int' object is not subscriptable

2021/01/22 16:53:30 : products_errors 20: Traceback (most recent call last):
  File "/Users/vuhung/Desktop/dev_train_03/v32/cartmigration/controllers/migration.py", line 1072, in migration
    import_data = fn_import(convert_data, main, ext)
  File "/Users/vuhung/Desktop/dev_train_03/v32/cartmigration/models/cart/shopify.py", line 2072, in product_import
    category_id = self.get_map_field_by_src(self.TYPE_CATEGORY, category['id'], category['code'])
TypeError: 'int' object is not subscriptable

2021/01/22 16:53:32 : products_errors 22: Traceback (most recent call last):
  File "/Users/vuhung/Desktop/dev_train_03/v32/cartmigration/controllers/migration.py", line 1072, in migration
    import_data = fn_import(convert_data, main, ext)
  File "/Users/vuhung/Desktop/dev_train_03/v32/cartmigration/models/cart/shopify.py", line 2072, in product_import
    category_id = self.get_map_field_by_src(self.TYPE_CATEGORY, category['id'], category['code'])
TypeError: 'int' object is not subscriptable

2021/01/22 16:53:35 : products_errors 23: Traceback (most recent call last):
  File "/Users/vuhung/Desktop/dev_train_03/v32/cartmigration/controllers/migration.py", line 1072, in migration
    import_data = fn_import(convert_data, main, ext)
  File "/Users/vuhung/Desktop/dev_train_03/v32/cartmigration/models/cart/shopify.py", line 2072, in product_import
    category_id = self.get_map_field_by_src(self.TYPE_CATEGORY, category['id'], category['code'])
TypeError: 'int' object is not subscriptable

2021/01/22 16:53:37 : products_errors 24: Traceback (most recent call last):
  File "/Users/vuhung/Desktop/dev_train_03/v32/cartmigration/controllers/migration.py", line 1072, in migration
    import_data = fn_import(convert_data, main, ext)
  File "/Users/vuhung/Desktop/dev_train_03/v32/cartmigration/models/cart/shopify.py", line 2072, in product_import
    category_id = self.get_map_field_by_src(self.TYPE_CATEGORY, category['id'], category['code'])
TypeError: 'int' object is not subscriptable

