2021/01/22 16:16:42 : image: http://www.iemotorsport.com/mm5/BSNIDESS1.39CHCOPW-100.png 404
2021/01/22 16:16:45 : image: http://www.iemotorsport.com/mm5/BSNIDESS1.39VANNPW-100.png 404
2021/01/22 16:16:47 : image: http://www.iemotorsport.com/mm5/chpultmtchoc60ct-s.png 404
2021/01/22 16:16:49 : image: http://www.iemotorsport.com/mm5/CHMPNULC0060CHOCPK-s.png 404
2021/01/22 16:16:52 : image: http://www.iemotorsport.com/mm5/chpultmtlcvan60ct-s.png 404
2021/01/22 16:16:54 : image: http://www.iemotorsport.com/mm5/chpultrametstrw60ct-s.png 404
2021/01/22 16:16:57 : image: http://www.iemotorsport.com/mm5/chpultrmtvan60ct-s.png 404
2021/01/22 16:16:59 : image: http://www.iemotorsport.com/mm5/clfbarbberrycrsp12ct-s.png 404
2021/01/22 16:17:02 : image: http://www.iemotorsport.com/mm5/CLIFBUIL0012PEANBR-s.png 404
2021/01/22 16:17:04 : image: http://www.iemotorsport.com/mm5/clfbarchocchip12ct-s.png 404
2021/01/22 16:17:07 : image: http://www.iemotorsport.com/mm5/clflunaoatmeal12ct-s.png 404
2021/01/22 16:17:09 : image: http://www.iemotorsport.com/mm5/CSPTCMAX01.5CITRPW-s.png 404
2021/01/22 16:17:11 : image: http://www.iemotorsport.com/mm5/CSPTCMAX01.5ORGEPW1-s.png 404
2021/01/22 16:17:14 : image: http://www.iemotorsport.com/mm5/CSPTEVOP2.25VANNPW-100.png 404
2021/01/22 16:17:16 : image: http://www.iemotorsport.com/mm5/cysfasttwtchlem2lb-s.png 404
2021/01/22 16:17:18 : image: http://www.iemotorsport.com/mm5/cysfasttwtchgrp2lb-s.png 404
2021/01/22 16:17:21 : image: http://www.iemotorsport.com/mm5/cysfasttwtchlem2lb-s.png 404
2021/01/22 16:17:23 : image: http://www.iemotorsport.com/mm5/cysmmcksncrm5lb-s.png 404
2021/01/22 16:17:26 : image: http://www.iemotorsport.com/mm5/cysmmbarchocpntcarml8ct-s.png 404
2021/01/22 16:17:28 : image: http://www.iemotorsport.com/mm5/cysmmbarvantoffcrnch8ct-s.png 404
