2021/01/22 17:41:01 : image: http://www.iemotorsport.com/mm5/BSNIDESS1.39CHCOPW-100.png 404
2021/01/22 17:41:06 : image: http://www.iemotorsport.com/mm5/BSNIDESS1.39VANNPW-100.png 404
2021/01/22 17:41:10 : image: http://www.iemotorsport.com/mm5/chpultmtchoc60ct-s.png 404
2021/01/22 17:41:14 : image: http://www.iemotorsport.com/mm5/CHMPNULC0060CHOCPK-s.png 404
2021/01/22 17:41:18 : image: http://www.iemotorsport.com/mm5/chpultmtlcvan60ct-s.png 404
2021/01/22 17:41:21 : image: http://www.iemotorsport.com/mm5/chpultrametstrw60ct-s.png 404
2021/01/22 17:41:25 : image: http://www.iemotorsport.com/mm5/chpultrmtvan60ct-s.png 404
2021/01/22 17:41:29 : image: http://www.iemotorsport.com/mm5/clfbarbberrycrsp12ct-s.png 404
2021/01/22 17:41:33 : image: http://www.iemotorsport.com/mm5/CLIFBUIL0012PEANBR-s.png 404
2021/01/22 17:41:37 : image: http://www.iemotorsport.com/mm5/clfbarchocchip12ct-s.png 404
2021/01/22 17:41:41 : image: http://www.iemotorsport.com/mm5/clflunaoatmeal12ct-s.png 404
2021/01/22 17:41:45 : image: http://www.iemotorsport.com/mm5/CSPTCMAX01.5CITRPW-s.png 404
2021/01/22 17:41:48 : image: http://www.iemotorsport.com/mm5/CSPTCMAX01.5ORGEPW1-s.png 404
2021/01/22 17:41:52 : image: http://www.iemotorsport.com/mm5/CSPTEVOP2.25VANNPW-100.png 404
2021/01/22 17:41:56 : image: http://www.iemotorsport.com/mm5/cysfasttwtchlem2lb-s.png 404
2021/01/22 17:42:01 : image: http://www.iemotorsport.com/mm5/cysfasttwtchgrp2lb-s.png 404
2021/01/22 17:42:08 : image: http://www.iemotorsport.com/mm5/cysfasttwtchlem2lb-s.png 404
2021/01/22 17:42:12 : image: http://www.iemotorsport.com/mm5/cysmmcksncrm5lb-s.png 404
2021/01/22 17:42:15 : image: http://www.iemotorsport.com/mm5/cysmmbarchocpntcarml8ct-s.png 404
2021/01/22 17:42:19 : image: http://www.iemotorsport.com/mm5/cysmmbarvantoffcrnch8ct-s.png 404
