2021/01/22 15:50:18 : products_errors 9: Traceback (most recent call last):
  File "/Users/vuhung/Desktop/dev_train_03/v32/cartmigration/controllers/migration.py", line 1036, in migration
    convert = fn_convert_export(main, ext)
  File "/Users/vuhung/Desktop/dev_train_03/v32/cartmigration/models/cart/custom.py", line 409, in convert_product_export
    product_data['sku'] = product['code']
KeyError: 'code'

2021/01/22 15:50:18 : products_errors 10: Traceback (most recent call last):
  File "/Users/vuhung/Desktop/dev_train_03/v32/cartmigration/controllers/migration.py", line 1036, in migration
    convert = fn_convert_export(main, ext)
  File "/Users/vuhung/Desktop/dev_train_03/v32/cartmigration/models/cart/custom.py", line 409, in convert_product_export
    product_data['sku'] = product['code']
KeyError: 'code'

2021/01/22 15:50:18 : products_errors 16: Traceback (most recent call last):
  File "/Users/vuhung/Desktop/dev_train_03/v32/cartmigration/controllers/migration.py", line 1036, in migration
    convert = fn_convert_export(main, ext)
  File "/Users/vuhung/Desktop/dev_train_03/v32/cartmigration/models/cart/custom.py", line 409, in convert_product_export
    product_data['sku'] = product['code']
KeyError: 'code'

2021/01/22 15:50:18 : products_errors 17: Traceback (most recent call last):
  File "/Users/vuhung/Desktop/dev_train_03/v32/cartmigration/controllers/migration.py", line 1036, in migration
    convert = fn_convert_export(main, ext)
  File "/Users/vuhung/Desktop/dev_train_03/v32/cartmigration/models/cart/custom.py", line 409, in convert_product_export
    product_data['sku'] = product['code']
KeyError: 'code'

2021/01/22 15:50:18 : products_errors 18: Traceback (most recent call last):
  File "/Users/vuhung/Desktop/dev_train_03/v32/cartmigration/controllers/migration.py", line 1036, in migration
    convert = fn_convert_export(main, ext)
  File "/Users/vuhung/Desktop/dev_train_03/v32/cartmigration/models/cart/custom.py", line 409, in convert_product_export
    product_data['sku'] = product['code']
KeyError: 'code'

2021/01/22 15:50:18 : products_errors 19: Traceback (most recent call last):
  File "/Users/vuhung/Desktop/dev_train_03/v32/cartmigration/controllers/migration.py", line 1036, in migration
    convert = fn_convert_export(main, ext)
  File "/Users/vuhung/Desktop/dev_train_03/v32/cartmigration/models/cart/custom.py", line 409, in convert_product_export
    product_data['sku'] = product['code']
KeyError: 'code'

2021/01/22 15:50:18 : products_errors 20: Traceback (most recent call last):
  File "/Users/vuhung/Desktop/dev_train_03/v32/cartmigration/controllers/migration.py", line 1036, in migration
    convert = fn_convert_export(main, ext)
  File "/Users/vuhung/Desktop/dev_train_03/v32/cartmigration/models/cart/custom.py", line 409, in convert_product_export
    product_data['sku'] = product['code']
KeyError: 'code'

2021/01/22 15:50:18 : products_errors 22: Traceback (most recent call last):
  File "/Users/vuhung/Desktop/dev_train_03/v32/cartmigration/controllers/migration.py", line 1036, in migration
    convert = fn_convert_export(main, ext)
  File "/Users/vuhung/Desktop/dev_train_03/v32/cartmigration/models/cart/custom.py", line 409, in convert_product_export
    product_data['sku'] = product['code']
KeyError: 'code'

2021/01/22 15:50:19 : products_errors 23: Traceback (most recent call last):
  File "/Users/vuhung/Desktop/dev_train_03/v32/cartmigration/controllers/migration.py", line 1036, in migration
    convert = fn_convert_export(main, ext)
  File "/Users/vuhung/Desktop/dev_train_03/v32/cartmigration/models/cart/custom.py", line 409, in convert_product_export
    product_data['sku'] = product['code']
KeyError: 'code'

2021/01/22 15:50:19 : products_errors 24: Traceback (most recent call last):
  File "/Users/vuhung/Desktop/dev_train_03/v32/cartmigration/controllers/migration.py", line 1036, in migration
    convert = fn_convert_export(main, ext)
  File "/Users/vuhung/Desktop/dev_train_03/v32/cartmigration/models/cart/custom.py", line 409, in convert_product_export
    product_data['sku'] = product['code']
KeyError: 'code'

2021/01/22 15:50:19 : products_errors 25: Traceback (most recent call last):
  File "/Users/vuhung/Desktop/dev_train_03/v32/cartmigration/controllers/migration.py", line 1036, in migration
    convert = fn_convert_export(main, ext)
  File "/Users/vuhung/Desktop/dev_train_03/v32/cartmigration/models/cart/custom.py", line 409, in convert_product_export
    product_data['sku'] = product['code']
KeyError: 'code'

2021/01/22 15:50:19 : products_errors 37: Traceback (most recent call last):
  File "/Users/vuhung/Desktop/dev_train_03/v32/cartmigration/controllers/migration.py", line 1036, in migration
    convert = fn_convert_export(main, ext)
  File "/Users/vuhung/Desktop/dev_train_03/v32/cartmigration/models/cart/custom.py", line 409, in convert_product_export
    product_data['sku'] = product['code']
KeyError: 'code'

2021/01/22 15:50:19 : products_errors 39: Traceback (most recent call last):
  File "/Users/vuhung/Desktop/dev_train_03/v32/cartmigration/controllers/migration.py", line 1036, in migration
    convert = fn_convert_export(main, ext)
  File "/Users/vuhung/Desktop/dev_train_03/v32/cartmigration/models/cart/custom.py", line 409, in convert_product_export
    product_data['sku'] = product['code']
KeyError: 'code'

2021/01/22 15:50:19 : products_errors 41: Traceback (most recent call last):
  File "/Users/vuhung/Desktop/dev_train_03/v32/cartmigration/controllers/migration.py", line 1036, in migration
    convert = fn_convert_export(main, ext)
  File "/Users/vuhung/Desktop/dev_train_03/v32/cartmigration/models/cart/custom.py", line 409, in convert_product_export
    product_data['sku'] = product['code']
KeyError: 'code'

2021/01/22 15:50:19 : products_errors 42: Traceback (most recent call last):
  File "/Users/vuhung/Desktop/dev_train_03/v32/cartmigration/controllers/migration.py", line 1036, in migration
    convert = fn_convert_export(main, ext)
  File "/Users/vuhung/Desktop/dev_train_03/v32/cartmigration/models/cart/custom.py", line 409, in convert_product_export
    product_data['sku'] = product['code']
KeyError: 'code'

2021/01/22 15:50:19 : products_errors 43: Traceback (most recent call last):
  File "/Users/vuhung/Desktop/dev_train_03/v32/cartmigration/controllers/migration.py", line 1036, in migration
    convert = fn_convert_export(main, ext)
  File "/Users/vuhung/Desktop/dev_train_03/v32/cartmigration/models/cart/custom.py", line 409, in convert_product_export
    product_data['sku'] = product['code']
KeyError: 'code'

2021/01/22 15:50:19 : products_errors 44: Traceback (most recent call last):
  File "/Users/vuhung/Desktop/dev_train_03/v32/cartmigration/controllers/migration.py", line 1036, in migration
    convert = fn_convert_export(main, ext)
  File "/Users/vuhung/Desktop/dev_train_03/v32/cartmigration/models/cart/custom.py", line 409, in convert_product_export
    product_data['sku'] = product['code']
KeyError: 'code'

2021/01/22 15:50:19 : products_errors 47: Traceback (most recent call last):
  File "/Users/vuhung/Desktop/dev_train_03/v32/cartmigration/controllers/migration.py", line 1036, in migration
    convert = fn_convert_export(main, ext)
  File "/Users/vuhung/Desktop/dev_train_03/v32/cartmigration/models/cart/custom.py", line 409, in convert_product_export
    product_data['sku'] = product['code']
KeyError: 'code'

2021/01/22 15:50:19 : products_errors 48: Traceback (most recent call last):
  File "/Users/vuhung/Desktop/dev_train_03/v32/cartmigration/controllers/migration.py", line 1036, in migration
    convert = fn_convert_export(main, ext)
  File "/Users/vuhung/Desktop/dev_train_03/v32/cartmigration/models/cart/custom.py", line 409, in convert_product_export
    product_data['sku'] = product['code']
KeyError: 'code'

2021/01/22 15:50:19 : products_errors 49: Traceback (most recent call last):
  File "/Users/vuhung/Desktop/dev_train_03/v32/cartmigration/controllers/migration.py", line 1036, in migration
    convert = fn_convert_export(main, ext)
  File "/Users/vuhung/Desktop/dev_train_03/v32/cartmigration/models/cart/custom.py", line 409, in convert_product_export
    product_data['sku'] = product['code']
KeyError: 'code'

