2021/01/25 16:15:44 : categories_errors 8: Traceback (most recent call last):
  File "/Users/vuhung/Desktop/dev_train_03/v32/cartmigration/controllers/migration.py", line 1036, in migration
    convert = fn_convert_export(main, ext)
  File "/Users/vuhung/Desktop/dev_train_03/v32/cartmigration/models/cart/custom.py", line 196, in convert_category_export
    if img and img['image'] != '':
TypeError: string indices must be integers

2021/01/25 16:15:46 : categories_errors 13: Traceback (most recent call last):
  File "/Users/vuhung/Desktop/dev_train_03/v32/cartmigration/controllers/migration.py", line 1036, in migration
    convert = fn_convert_export(main, ext)
  File "/Users/vuhung/Desktop/dev_train_03/v32/cartmigration/models/cart/custom.py", line 196, in convert_category_export
    if img and img['image'] != '':
TypeError: string indices must be integers

2021/01/25 16:15:46 : categories_errors 14: Traceback (most recent call last):
  File "/Users/vuhung/Desktop/dev_train_03/v32/cartmigration/controllers/migration.py", line 1036, in migration
    convert = fn_convert_export(main, ext)
  File "/Users/vuhung/Desktop/dev_train_03/v32/cartmigration/models/cart/custom.py", line 196, in convert_category_export
    if img and img['image'] != '':
TypeError: string indices must be integers

2021/01/25 16:15:47 : categories_errors 17: Traceback (most recent call last):
  File "/Users/vuhung/Desktop/dev_train_03/v32/cartmigration/controllers/migration.py", line 1036, in migration
    convert = fn_convert_export(main, ext)
  File "/Users/vuhung/Desktop/dev_train_03/v32/cartmigration/models/cart/custom.py", line 196, in convert_category_export
    if img and img['image'] != '':
TypeError: string indices must be integers

