2021/01/21 17:03:17 : Traceback (most recent call last):
  File "/Users/vuhung/Desktop/dev_train_03/v32/cartmigration/controllers/migration.py", line 665, in storage_data
    getattr(self.get_source_cart(), 'finish_storage_data')()
  File "/Users/vuhung/Desktop/dev_train_03/v32/cartmigration/models/basecart.py", line 4043, in finish_storage_data
    folder_upload = self.get_folder_upload(self._migration_id)
  File "/Users/vuhung/Desktop/dev_train_03/v32/cartmigration/models/basecart.py", line 4055, in get_folder_upload
    folder_upload = root_path + '/' + DIR_UPLOAD + '/' + get_config_ini('src', 'file', file='test.ini')
TypeError: can only concatenate str (not "NoneType") to str

2021/01/21 17:05:16 : categories_errors 2: Traceback (most recent call last):
  File "/Users/vuhung/Desktop/dev_train_03/v32/cartmigration/controllers/migration.py", line 1036, in migration
    convert = fn_convert_export(main, ext)
  File "/Users/vuhung/Desktop/dev_train_03/v32/cartmigration/models/cart/custom.py", line 301, in convert_category_export
    category_data['active'] = True if category['active'] == '1' else False
KeyError: 'active'

2021/01/21 17:05:18 : categories_errors 3: Traceback (most recent call last):
  File "/Users/vuhung/Desktop/dev_train_03/v32/cartmigration/controllers/migration.py", line 1036, in migration
    convert = fn_convert_export(main, ext)
  File "/Users/vuhung/Desktop/dev_train_03/v32/cartmigration/models/cart/custom.py", line 301, in convert_category_export
    category_data['active'] = True if category['active'] == '1' else False
KeyError: 'active'

2021/01/21 17:05:25 : categories_errors 4: Traceback (most recent call last):
  File "/Users/vuhung/Desktop/dev_train_03/v32/cartmigration/controllers/migration.py", line 1036, in migration
    convert = fn_convert_export(main, ext)
  File "/Users/vuhung/Desktop/dev_train_03/v32/cartmigration/models/cart/custom.py", line 301, in convert_category_export
    category_data['active'] = True if category['active'] == '1' else False
KeyError: 'active'

2021/01/21 17:05:27 : categories_errors 5: Traceback (most recent call last):
  File "/Users/vuhung/Desktop/dev_train_03/v32/cartmigration/controllers/migration.py", line 1036, in migration
    convert = fn_convert_export(main, ext)
  File "/Users/vuhung/Desktop/dev_train_03/v32/cartmigration/models/cart/custom.py", line 301, in convert_category_export
    category_data['active'] = True if category['active'] == '1' else False
KeyError: 'active'

2021/01/21 17:05:27 : categories_errors 6: Traceback (most recent call last):
  File "/Users/vuhung/Desktop/dev_train_03/v32/cartmigration/controllers/migration.py", line 1036, in migration
    convert = fn_convert_export(main, ext)
  File "/Users/vuhung/Desktop/dev_train_03/v32/cartmigration/models/cart/custom.py", line 301, in convert_category_export
    category_data['active'] = True if category['active'] == '1' else False
KeyError: 'active'

2021/01/21 17:05:28 : categories_errors 7: Traceback (most recent call last):
  File "/Users/vuhung/Desktop/dev_train_03/v32/cartmigration/controllers/migration.py", line 1036, in migration
    convert = fn_convert_export(main, ext)
  File "/Users/vuhung/Desktop/dev_train_03/v32/cartmigration/models/cart/custom.py", line 301, in convert_category_export
    category_data['active'] = True if category['active'] == '1' else False
KeyError: 'active'

2021/01/21 17:05:30 : categories_errors 8: Traceback (most recent call last):
  File "/Users/vuhung/Desktop/dev_train_03/v32/cartmigration/controllers/migration.py", line 1036, in migration
    convert = fn_convert_export(main, ext)
  File "/Users/vuhung/Desktop/dev_train_03/v32/cartmigration/models/cart/custom.py", line 296, in convert_category_export
    parent_data = self.get_category_parent(category['parent_id'])
  File "/Users/vuhung/Desktop/dev_train_03/v32/cartmigration/models/cart/custom.py", line 1175, in get_category_parent
    category_convert = self.convert_category_export(category, categories_ext)
  File "/Users/vuhung/Desktop/dev_train_03/v32/cartmigration/models/cart/custom.py", line 301, in convert_category_export
    category_data['active'] = True if category['active'] == '1' else False
KeyError: 'active'

2021/01/21 17:05:30 : categories_errors 9: Traceback (most recent call last):
  File "/Users/vuhung/Desktop/dev_train_03/v32/cartmigration/controllers/migration.py", line 1036, in migration
    convert = fn_convert_export(main, ext)
  File "/Users/vuhung/Desktop/dev_train_03/v32/cartmigration/models/cart/custom.py", line 301, in convert_category_export
    category_data['active'] = True if category['active'] == '1' else False
KeyError: 'active'

2021/01/21 17:05:31 : categories_errors 10: Traceback (most recent call last):
  File "/Users/vuhung/Desktop/dev_train_03/v32/cartmigration/controllers/migration.py", line 1036, in migration
    convert = fn_convert_export(main, ext)
  File "/Users/vuhung/Desktop/dev_train_03/v32/cartmigration/models/cart/custom.py", line 301, in convert_category_export
    category_data['active'] = True if category['active'] == '1' else False
KeyError: 'active'

2021/01/21 17:05:43 : categories_errors 11: Traceback (most recent call last):
  File "/Users/vuhung/Desktop/dev_train_03/v32/cartmigration/controllers/migration.py", line 1036, in migration
    convert = fn_convert_export(main, ext)
  File "/Users/vuhung/Desktop/dev_train_03/v32/cartmigration/models/cart/custom.py", line 301, in convert_category_export
    category_data['active'] = True if category['active'] == '1' else False
KeyError: 'active'

2021/01/21 17:05:45 : categories_errors 12: Traceback (most recent call last):
  File "/Users/vuhung/Desktop/dev_train_03/v32/cartmigration/controllers/migration.py", line 1036, in migration
    convert = fn_convert_export(main, ext)
  File "/Users/vuhung/Desktop/dev_train_03/v32/cartmigration/models/cart/custom.py", line 301, in convert_category_export
    category_data['active'] = True if category['active'] == '1' else False
KeyError: 'active'

2021/01/21 17:05:48 : categories_errors 13: Traceback (most recent call last):
  File "/Users/vuhung/Desktop/dev_train_03/v32/cartmigration/controllers/migration.py", line 1036, in migration
    convert = fn_convert_export(main, ext)
  File "/Users/vuhung/Desktop/dev_train_03/v32/cartmigration/models/cart/custom.py", line 296, in convert_category_export
    parent_data = self.get_category_parent(category['parent_id'])
  File "/Users/vuhung/Desktop/dev_train_03/v32/cartmigration/models/cart/custom.py", line 1175, in get_category_parent
    category_convert = self.convert_category_export(category, categories_ext)
  File "/Users/vuhung/Desktop/dev_train_03/v32/cartmigration/models/cart/custom.py", line 301, in convert_category_export
    category_data['active'] = True if category['active'] == '1' else False
KeyError: 'active'

2021/01/21 17:05:50 : categories_errors 14: Traceback (most recent call last):
  File "/Users/vuhung/Desktop/dev_train_03/v32/cartmigration/controllers/migration.py", line 1036, in migration
    convert = fn_convert_export(main, ext)
  File "/Users/vuhung/Desktop/dev_train_03/v32/cartmigration/models/cart/custom.py", line 296, in convert_category_export
    parent_data = self.get_category_parent(category['parent_id'])
  File "/Users/vuhung/Desktop/dev_train_03/v32/cartmigration/models/cart/custom.py", line 1175, in get_category_parent
    category_convert = self.convert_category_export(category, categories_ext)
  File "/Users/vuhung/Desktop/dev_train_03/v32/cartmigration/models/cart/custom.py", line 301, in convert_category_export
    category_data['active'] = True if category['active'] == '1' else False
KeyError: 'active'

2021/01/21 17:05:50 : categories_errors 15: Traceback (most recent call last):
  File "/Users/vuhung/Desktop/dev_train_03/v32/cartmigration/controllers/migration.py", line 1036, in migration
    convert = fn_convert_export(main, ext)
  File "/Users/vuhung/Desktop/dev_train_03/v32/cartmigration/models/cart/custom.py", line 301, in convert_category_export
    category_data['active'] = True if category['active'] == '1' else False
KeyError: 'active'

2021/01/21 17:05:50 : categories_errors 16: Traceback (most recent call last):
  File "/Users/vuhung/Desktop/dev_train_03/v32/cartmigration/controllers/migration.py", line 1036, in migration
    convert = fn_convert_export(main, ext)
  File "/Users/vuhung/Desktop/dev_train_03/v32/cartmigration/models/cart/custom.py", line 301, in convert_category_export
    category_data['active'] = True if category['active'] == '1' else False
KeyError: 'active'

2021/01/21 17:05:51 : categories_errors 17: Traceback (most recent call last):
  File "/Users/vuhung/Desktop/dev_train_03/v32/cartmigration/controllers/migration.py", line 1036, in migration
    convert = fn_convert_export(main, ext)
  File "/Users/vuhung/Desktop/dev_train_03/v32/cartmigration/models/cart/custom.py", line 296, in convert_category_export
    parent_data = self.get_category_parent(category['parent_id'])
  File "/Users/vuhung/Desktop/dev_train_03/v32/cartmigration/models/cart/custom.py", line 1175, in get_category_parent
    category_convert = self.convert_category_export(category, categories_ext)
  File "/Users/vuhung/Desktop/dev_train_03/v32/cartmigration/models/cart/custom.py", line 301, in convert_category_export
    category_data['active'] = True if category['active'] == '1' else False
KeyError: 'active'

2021/01/21 17:05:51 : categories_errors 19: Traceback (most recent call last):
  File "/Users/vuhung/Desktop/dev_train_03/v32/cartmigration/controllers/migration.py", line 1036, in migration
    convert = fn_convert_export(main, ext)
  File "/Users/vuhung/Desktop/dev_train_03/v32/cartmigration/models/cart/custom.py", line 301, in convert_category_export
    category_data['active'] = True if category['active'] == '1' else False
KeyError: 'active'

2021/01/21 17:05:51 : categories_errors 20: Traceback (most recent call last):
  File "/Users/vuhung/Desktop/dev_train_03/v32/cartmigration/controllers/migration.py", line 1036, in migration
    convert = fn_convert_export(main, ext)
  File "/Users/vuhung/Desktop/dev_train_03/v32/cartmigration/models/cart/custom.py", line 301, in convert_category_export
    category_data['active'] = True if category['active'] == '1' else False
KeyError: 'active'

2021/01/21 17:05:54 : categories_errors 22: Traceback (most recent call last):
  File "/Users/vuhung/Desktop/dev_train_03/v32/cartmigration/controllers/migration.py", line 1036, in migration
    convert = fn_convert_export(main, ext)
  File "/Users/vuhung/Desktop/dev_train_03/v32/cartmigration/models/cart/custom.py", line 301, in convert_category_export
    category_data['active'] = True if category['active'] == '1' else False
KeyError: 'active'

2021/01/21 17:05:55 : categories_errors 23: Traceback (most recent call last):
  File "/Users/vuhung/Desktop/dev_train_03/v32/cartmigration/controllers/migration.py", line 1036, in migration
    convert = fn_convert_export(main, ext)
  File "/Users/vuhung/Desktop/dev_train_03/v32/cartmigration/models/cart/custom.py", line 301, in convert_category_export
    category_data['active'] = True if category['active'] == '1' else False
KeyError: 'active'

