2021/01/22 13:37:15 : Url: http://127.0.0.1/customcart/le_connector/connector.php
Method: GET
Status: 403
Header: HTTP/1.1 403 Forbidden
X-Luminati-Error: Forbidden: You tried to target undefined but got blocked, please contact your account manager for further assistance
Date: Fri, 22 Jan 2021 06:37:15 GMT
Connection: keep-alive
Transfer-Encoding: chunked


Error: Forbidden: You tried to target undefined but got blocked, please contact your account manager for further assistance
2021/01/25 14:19:55 : Url: http://127.0.0.1/wordpress/le_connector/connector.php
Method: GET
Status: 404
Header: HTTP/1.1 404 Not Found
Date: Mon, 25 Jan 2021 07:19:55 GMT
Server: Apache/2.4.46 (Unix) OpenSSL/1.1.1i PHP/8.0.0 mod_perl/2.0.11 Perl/v5.32.0
Vary: accept-language,accept-charset
Accept-Ranges: bytes
Transfer-Encoding: chunked
Content-Type: text/html; charset=utf-8
Content-Language: en


Error: <?xml version="1.0" encoding="UTF-8"?>
<!DOCTYPE html PUBLIC "-//W3C//DTD XHTML 1.0 Strict//EN"
  "http://www.w3.org/TR/xhtml1/DTD/xhtml1-strict.dtd">
<html xmlns="http://www.w3.org/1999/xhtml" lang="en" xml:lang="en">
<head>
<title>Object not found!</title>
<link rev="made" href="mailto:you@example.com" />
<style type="text/css"><!--/*--><![CDATA[/*><!--*/ 
    body { color: #000000; background-color: #FFFFFF; }
    a:link { color: #0000CC; }
    p, address {margin-left: 3em;}
    span {font-size: smaller;}
/*]]>*/--></style>
</head>

<body>
<h1>Object not found!</h1>
<p>


    The requested URL was not found on this server.

  

    The link on the
    <a href="https://www.google.com">referring
    page</a> seems to be wrong or outdated. Please inform the author of
    <a href="https://www.google.com">that page</a>
    about the error.

  

</p>
<p>
If you think this is a server error, please contact
the <a href="mailto:you@example.com">webmaster</a>.

</p>

<h2>Error 404</h2>
<address>
  <a href="/">127.0.0.1</a><br />
  <span>Apache/2.4.46 (Unix) OpenSSL/1.1.1i PHP/8.0.0 mod_perl/2.0.11 Perl/v5.32.0</span>
</address>
</body>
</html>


