2021/01/27 14:25:48 : Traceback (most recent call last):
  File "/Users/vuhung/Desktop/dev_train_03/v32/cartmigration/controllers/migration.py", line 665, in storage_data
    getattr(self.get_source_cart(), 'finish_storage_data')()
  File "/Users/vuhung/Desktop/dev_train_03/v32/cartmigration/models/basecart.py", line 4043, in finish_storage_data
    folder_upload = self.get_folder_upload(self._migration_id)
  File "/Users/vuhung/Desktop/dev_train_03/v32/cartmigration/models/basecart.py", line 4055, in get_folder_upload
    folder_upload = root_path + '/' + DIR_UPLOAD + '/' + get_config_ini('src', 'file', file='test.ini')
TypeError: can only concatenate str (not "NoneType") to str

2021/01/27 14:27:21 : products_errors 9: Traceback (most recent call last):
  File "/Users/vuhung/Desktop/dev_train_03/v32/cartmigration/controllers/migration.py", line 1063, in migration
    check_import = fn_check_import(convert_data, main, ext)
  File "/Users/vuhung/Desktop/dev_train_03/v32/cartmigration/models/cart/woocommerce.py", line 2785, in check_product_import
    + " AND term_taxonomy_id = " + term_taxonomy_id,
TypeError: can only concatenate str (not "int") to str

2021/01/27 14:27:21 : products_errors 10: Traceback (most recent call last):
  File "/Users/vuhung/Desktop/dev_train_03/v32/cartmigration/controllers/migration.py", line 1063, in migration
    check_import = fn_check_import(convert_data, main, ext)
  File "/Users/vuhung/Desktop/dev_train_03/v32/cartmigration/models/cart/woocommerce.py", line 2785, in check_product_import
    + " AND term_taxonomy_id = " + term_taxonomy_id,
TypeError: can only concatenate str (not "int") to str

2021/01/27 14:27:21 : products_errors 16: Traceback (most recent call last):
  File "/Users/vuhung/Desktop/dev_train_03/v32/cartmigration/controllers/migration.py", line 1063, in migration
    check_import = fn_check_import(convert_data, main, ext)
  File "/Users/vuhung/Desktop/dev_train_03/v32/cartmigration/models/cart/woocommerce.py", line 2785, in check_product_import
    + " AND term_taxonomy_id = " + term_taxonomy_id,
TypeError: can only concatenate str (not "int") to str

2021/01/27 14:27:21 : products_errors 17: Traceback (most recent call last):
  File "/Users/vuhung/Desktop/dev_train_03/v32/cartmigration/controllers/migration.py", line 1063, in migration
    check_import = fn_check_import(convert_data, main, ext)
  File "/Users/vuhung/Desktop/dev_train_03/v32/cartmigration/models/cart/woocommerce.py", line 2785, in check_product_import
    + " AND term_taxonomy_id = " + term_taxonomy_id,
TypeError: can only concatenate str (not "int") to str

2021/01/27 14:27:22 : products_errors 18: Traceback (most recent call last):
  File "/Users/vuhung/Desktop/dev_train_03/v32/cartmigration/controllers/migration.py", line 1063, in migration
    check_import = fn_check_import(convert_data, main, ext)
  File "/Users/vuhung/Desktop/dev_train_03/v32/cartmigration/models/cart/woocommerce.py", line 2785, in check_product_import
    + " AND term_taxonomy_id = " + term_taxonomy_id,
TypeError: can only concatenate str (not "int") to str

2021/01/27 14:27:22 : products_errors 19: Traceback (most recent call last):
  File "/Users/vuhung/Desktop/dev_train_03/v32/cartmigration/controllers/migration.py", line 1063, in migration
    check_import = fn_check_import(convert_data, main, ext)
  File "/Users/vuhung/Desktop/dev_train_03/v32/cartmigration/models/cart/woocommerce.py", line 2785, in check_product_import
    + " AND term_taxonomy_id = " + term_taxonomy_id,
TypeError: can only concatenate str (not "int") to str

2021/01/27 14:27:22 : products_errors 20: Traceback (most recent call last):
  File "/Users/vuhung/Desktop/dev_train_03/v32/cartmigration/controllers/migration.py", line 1063, in migration
    check_import = fn_check_import(convert_data, main, ext)
  File "/Users/vuhung/Desktop/dev_train_03/v32/cartmigration/models/cart/woocommerce.py", line 2785, in check_product_import
    + " AND term_taxonomy_id = " + term_taxonomy_id,
TypeError: can only concatenate str (not "int") to str

2021/01/27 14:27:22 : products_errors 22: Traceback (most recent call last):
  File "/Users/vuhung/Desktop/dev_train_03/v32/cartmigration/controllers/migration.py", line 1063, in migration
    check_import = fn_check_import(convert_data, main, ext)
  File "/Users/vuhung/Desktop/dev_train_03/v32/cartmigration/models/cart/woocommerce.py", line 2785, in check_product_import
    + " AND term_taxonomy_id = " + term_taxonomy_id,
TypeError: can only concatenate str (not "int") to str

2021/01/27 14:27:22 : products_errors 23: Traceback (most recent call last):
  File "/Users/vuhung/Desktop/dev_train_03/v32/cartmigration/controllers/migration.py", line 1063, in migration
    check_import = fn_check_import(convert_data, main, ext)
  File "/Users/vuhung/Desktop/dev_train_03/v32/cartmigration/models/cart/woocommerce.py", line 2785, in check_product_import
    + " AND term_taxonomy_id = " + term_taxonomy_id,
TypeError: can only concatenate str (not "int") to str

2021/01/27 14:27:22 : products_errors 24: Traceback (most recent call last):
  File "/Users/vuhung/Desktop/dev_train_03/v32/cartmigration/controllers/migration.py", line 1063, in migration
    check_import = fn_check_import(convert_data, main, ext)
  File "/Users/vuhung/Desktop/dev_train_03/v32/cartmigration/models/cart/woocommerce.py", line 2785, in check_product_import
    + " AND term_taxonomy_id = " + term_taxonomy_id,
TypeError: can only concatenate str (not "int") to str

2021/01/27 14:27:22 : products_errors 25: Traceback (most recent call last):
  File "/Users/vuhung/Desktop/dev_train_03/v32/cartmigration/controllers/migration.py", line 1063, in migration
    check_import = fn_check_import(convert_data, main, ext)
  File "/Users/vuhung/Desktop/dev_train_03/v32/cartmigration/models/cart/woocommerce.py", line 2785, in check_product_import
    + " AND term_taxonomy_id = " + term_taxonomy_id,
TypeError: can only concatenate str (not "int") to str

2021/01/27 14:27:22 : products_errors 37: Traceback (most recent call last):
  File "/Users/vuhung/Desktop/dev_train_03/v32/cartmigration/controllers/migration.py", line 1063, in migration
    check_import = fn_check_import(convert_data, main, ext)
  File "/Users/vuhung/Desktop/dev_train_03/v32/cartmigration/models/cart/woocommerce.py", line 2785, in check_product_import
    + " AND term_taxonomy_id = " + term_taxonomy_id,
TypeError: can only concatenate str (not "int") to str

2021/01/27 14:27:22 : products_errors 39: Traceback (most recent call last):
  File "/Users/vuhung/Desktop/dev_train_03/v32/cartmigration/controllers/migration.py", line 1063, in migration
    check_import = fn_check_import(convert_data, main, ext)
  File "/Users/vuhung/Desktop/dev_train_03/v32/cartmigration/models/cart/woocommerce.py", line 2785, in check_product_import
    + " AND term_taxonomy_id = " + term_taxonomy_id,
TypeError: can only concatenate str (not "int") to str

2021/01/27 14:27:22 : products_errors 41: Traceback (most recent call last):
  File "/Users/vuhung/Desktop/dev_train_03/v32/cartmigration/controllers/migration.py", line 1063, in migration
    check_import = fn_check_import(convert_data, main, ext)
  File "/Users/vuhung/Desktop/dev_train_03/v32/cartmigration/models/cart/woocommerce.py", line 2785, in check_product_import
    + " AND term_taxonomy_id = " + term_taxonomy_id,
TypeError: can only concatenate str (not "int") to str

2021/01/27 14:27:22 : products_errors 42: Traceback (most recent call last):
  File "/Users/vuhung/Desktop/dev_train_03/v32/cartmigration/controllers/migration.py", line 1063, in migration
    check_import = fn_check_import(convert_data, main, ext)
  File "/Users/vuhung/Desktop/dev_train_03/v32/cartmigration/models/cart/woocommerce.py", line 2785, in check_product_import
    + " AND term_taxonomy_id = " + term_taxonomy_id,
TypeError: can only concatenate str (not "int") to str

2021/01/27 14:27:22 : products_errors 43: Traceback (most recent call last):
  File "/Users/vuhung/Desktop/dev_train_03/v32/cartmigration/controllers/migration.py", line 1063, in migration
    check_import = fn_check_import(convert_data, main, ext)
  File "/Users/vuhung/Desktop/dev_train_03/v32/cartmigration/models/cart/woocommerce.py", line 2785, in check_product_import
    + " AND term_taxonomy_id = " + term_taxonomy_id,
TypeError: can only concatenate str (not "int") to str

2021/01/27 14:27:22 : products_errors 44: Traceback (most recent call last):
  File "/Users/vuhung/Desktop/dev_train_03/v32/cartmigration/controllers/migration.py", line 1063, in migration
    check_import = fn_check_import(convert_data, main, ext)
  File "/Users/vuhung/Desktop/dev_train_03/v32/cartmigration/models/cart/woocommerce.py", line 2785, in check_product_import
    + " AND term_taxonomy_id = " + term_taxonomy_id,
TypeError: can only concatenate str (not "int") to str

2021/01/27 14:27:22 : products_errors 47: Traceback (most recent call last):
  File "/Users/vuhung/Desktop/dev_train_03/v32/cartmigration/controllers/migration.py", line 1063, in migration
    check_import = fn_check_import(convert_data, main, ext)
  File "/Users/vuhung/Desktop/dev_train_03/v32/cartmigration/models/cart/woocommerce.py", line 2785, in check_product_import
    + " AND term_taxonomy_id = " + term_taxonomy_id,
TypeError: can only concatenate str (not "int") to str

2021/01/27 14:27:22 : products_errors 48: Traceback (most recent call last):
  File "/Users/vuhung/Desktop/dev_train_03/v32/cartmigration/controllers/migration.py", line 1063, in migration
    check_import = fn_check_import(convert_data, main, ext)
  File "/Users/vuhung/Desktop/dev_train_03/v32/cartmigration/models/cart/woocommerce.py", line 2785, in check_product_import
    + " AND term_taxonomy_id = " + term_taxonomy_id,
TypeError: can only concatenate str (not "int") to str

2021/01/27 14:27:22 : products_errors 49: Traceback (most recent call last):
  File "/Users/vuhung/Desktop/dev_train_03/v32/cartmigration/controllers/migration.py", line 1063, in migration
    check_import = fn_check_import(convert_data, main, ext)
  File "/Users/vuhung/Desktop/dev_train_03/v32/cartmigration/models/cart/woocommerce.py", line 2785, in check_product_import
    + " AND term_taxonomy_id = " + term_taxonomy_id,
TypeError: can only concatenate str (not "int") to str

